<?xml version="1.0" encoding="UTF-8"?>
<!-- Generated by org.testng.reporters.JUnitReportReporter -->
<testsuite hostname="LAPTOP-LE5SPD4L" failures="0" tests="1" name="TestNG.DataProviderTest" time="0.000" errors="0" timestamp="2022-06-20T15:16:04 IST" skipped="1">
  <testcase classname="TestNG.DataProviderTest" name="bookBusTicket" time="0.000">
    <skipped/>
  </testcase> <!-- bookBusTicket -->
  <system-out/>
</testsuite> <!-- TestNG.DataProviderTest -->
