<?xml version="1.0" encoding="UTF-8"?>
<!-- Generated by org.testng.reporters.JUnitReportReporter -->
<testsuite hostname="LAPTOP-LE5SPD4L" failures="0" tests="1" name="com.crrm.Contact.CreateDocumentTest" time="19.572" errors="0" timestamp="2022-06-21T11:23:13 IST" skipped="0">
  <testcase classname="com.crrm.Contact.CreateDocumentTest" name="CreateDocumentTest1" time="19.572"/>
  <system-out/>
</testsuite> <!-- com.crrm.Contact.CreateDocumentTest -->
