<?xml version="1.0" encoding="UTF-8"?>
<!-- Generated by org.testng.reporters.JUnitReportReporter -->
<testsuite hostname="LAPTOP-LE5SPD4L" failures="0" tests="1" name="com.crrm.Contact.CreateProduct" time="19.141" errors="0" timestamp="2022-06-21T11:28:20 IST" skipped="0">
  <testcase classname="com.crrm.Contact.CreateProduct" name="CreateProductTest" time="19.141"/>
  <system-out/>
</testsuite> <!-- com.crrm.Contact.CreateProduct -->
