<?xml version="1.0" encoding="UTF-8"?>
<!-- Generated by org.testng.reporters.JUnitReportReporter -->
<testsuite hostname="LAPTOP-LE5SPD4L" failures="0" tests="3" name="TestNG.BankingTest" time="0.014" errors="0" timestamp="2022-06-14T14:51:37 IST" skipped="0">
  <testcase classname="TestNG.BankingTest" name="MoneyTransfer" time="0.002"/>
  <system-out/>
  <testcase classname="TestNG.BankingTest" name="MoneyTransfer" time="0.011"/>
  <system-out/>
  <testcase classname="TestNG.BankingTest" name="MoneyTransfer" time="0.001"/>
  <system-out/>
</testsuite> <!-- TestNG.BankingTest -->
