<?xml version="1.0" encoding="UTF-8"?>
<!-- Generated by org.testng.reporters.JUnitReportReporter -->
<testsuite hostname="LAPTOP-LE5SPD4L" failures="0" tests="3" name="TestNG.DataProviderTest" time="0.015" errors="0" timestamp="2022-06-15T10:48:00 IST" skipped="0">
  <testcase classname="TestNG.DataProviderTest" name="bookBusTicket" time="0.011"/>
  <system-out/>
  <testcase classname="TestNG.DataProviderTest" name="bookBusTicket" time="0.001"/>
  <system-out/>
  <testcase classname="TestNG.DataProviderTest" name="bookBusTicket" time="0.003"/>
  <system-out/>
</testsuite> <!-- TestNG.DataProviderTest -->
