<?xml version="1.0" encoding="UTF-8"?>
<!-- Generated by org.testng.reporters.JUnitReportReporter -->
<testsuite skipped="0" hostname="LAPTOP-LE5SPD4L" name="TestNG.BankingTest" tests="3" failures="0" timestamp="2022-06-20T16:13:52 IST" time="0.001" errors="0">
  <testcase name="MoneyTransfer" time="0.001" classname="TestNG.BankingTest"/>
  <system-out/>
  <testcase name="MoneyTransfer" time="0.000" classname="TestNG.BankingTest"/>
  <system-out/>
  <testcase name="MoneyTransfer" time="0.000" classname="TestNG.BankingTest"/>
  <system-out/>
</testsuite> <!-- TestNG.BankingTest -->
