<?xml version="1.0" encoding="UTF-8"?>
<!-- Generated by org.testng.reporters.JUnitReportReporter -->
<testsuite skipped="0" hostname="LAPTOP-LE5SPD4L" name="TestNG.DataProviderTest" tests="3" failures="0" timestamp="2022-06-20T16:13:52 IST" time="0.002" errors="0">
  <testcase name="bookBusTicket" time="0.001" classname="TestNG.DataProviderTest"/>
  <system-out/>
  <testcase name="bookBusTicket" time="0.000" classname="TestNG.DataProviderTest"/>
  <system-out/>
  <testcase name="bookBusTicket" time="0.001" classname="TestNG.DataProviderTest"/>
  <system-out/>
</testsuite> <!-- TestNG.DataProviderTest -->
